<?xml version="1.0" encoding="UTF-8"?>
<!-- Generated by org.testng.reporters.JUnitXMLReporter -->
<testsuite ignored="0" hostname="LAPTOP-T1RAV8IF" failures="0" tests="3" name="Test" time="16.517" errors="0" timestamp="2022-01-25T17:38:57 IST">
  <testcase classname="testNGScripts.DataParamTest" name="LoginTest" time="7.828"/>
  <testcase classname="testNGScripts.DataParamTest" name="LoginTest" time="1.286"/>
  <testcase classname="testNGScripts.DataParamTest" name="LoginTest" time="1.275"/>
</testsuite> <!-- Test -->
