<?xml version="1.0" encoding="UTF-8"?>
<testng-results ignored="0" total="1" passed="1" failed="0" skipped="0">
  <reporter-output>
  </reporter-output>
  <suite started-at="2022-01-28T15:38:31 IST" name="Default suite" finished-at="2022-01-28T15:38:47 IST" duration-ms="16309">
    <groups>
    </groups>
    <test started-at="2022-01-28T15:38:31 IST" name="Default test" finished-at="2022-01-28T15:38:47 IST" duration-ms="16309">
      <class name="testNGScripts.HTMLUnitTest">
        <test-method signature="remoteDriverTest()[pri:0, instance:testNGScripts.HTMLUnitTest@13b6aecc]" started-at="2022-01-28T15:38:31 IST" name="remoteDriverTest" finished-at="2022-01-28T15:38:47 IST" duration-ms="16214" status="PASS">
          <reporter-output>
          </reporter-output>
        </test-method> <!-- remoteDriverTest -->
      </class> <!-- testNGScripts.HTMLUnitTest -->
    </test> <!-- Default test -->
  </suite> <!-- Default suite -->
</testng-results>
